ers 
rly 
lers
lers 
ers 
 gel
 cor
 cord
 cordi
cord
cordi
ordi
ied 
ied s
ied st
ied ste
ed s
ed st
ed ste
d st
d ste
 ste
lers
lers 
lers m
lers ma
ers 
ers m
ers ma
rs m
rs ma
s ma
 ann
n re
ers 
e re
 rep
ers 
lers
lers 
ers 
lers
lers 
ers 
lers
lers 
lers p
ers 
ers p
rs p
ers 
raph
rly 
ers 
ph a
yer 
yer a
er a
er an
er ano
er anot
er anoth
r an
r ano
r anot
r anoth
 ano
 anot
 anoth
anot
anoth
noth
 reg
rman
rman 
man 
lers
 don
 dona
 donat
dona
donat
onat
 gel
 geli
geli
ph a
yers
yers 
ers 
h an
h ann
 ann
lers
lers 
ers 
s re
h in
ers 
rs p
rs pe
rs per
s pe
s per
 per
ates
ates 
tes 
es i
h an
h ann
 ann
rs p
ute 
e re
 rep
s an
 ano
 anot
 anoth
anot
anoth
noth
s ve
lee 
ied 
ied s
ied st
ied ste
ed s
ed st
ed ste
d st
d ste
 ste
lers
lers 
ers 
enta
ied 
ied s
ied st
ed s
ed st
d st
ordi
ied 
ied s
ed s
